2025-10-25 12:59:10,946 - INFO - Fetched prices for BTC/USD,ETH/USD
2025-10-25 12:59:55,960 - ERROR - Trade logic error: 
2025-10-25 12:59:56,371 - INFO - Fetched prices for BTC/USD,ETH/USD
2025-10-25 13:00:41,810 - INFO - Fetched prices for BTC/USD,ETH/USD
2025-10-25 13:29:28,833 - INFO - Fetched prices for BTC/USD, ETH/USD
2025-10-25 13:30:13,929 - INFO - Fetched prices for BTC/USD, ETH/USD
2025-10-25 13:30:59,024 - INFO - Fetched prices for BTC/USD, ETH/USD
2025-10-25 13:31:44,119 - INFO - Fetched prices for BTC/USD, ETH/USD
2025-10-25 13:32:29,216 - INFO - Fetched prices for BTC/USD, ETH/USD
2025-10-25 13:33:14,312 - INFO - Fetched prices for BTC/USD, ETH/USD
2025-10-25 13:33:59,415 - INFO - Fetched prices for BTC/USD, ETH/USD
2025-10-25 13:34:44,509 - INFO - Fetched prices for BTC/USD, ETH/USD
2025-10-25 13:35:29,608 - INFO - Fetched prices for BTC/USD, ETH/USD
2025-10-25 13:36:14,704 - INFO - Fetched prices for BTC/USD, ETH/USD
2025-10-25 13:36:59,800 - INFO - Fetched prices for BTC/USD, ETH/USD
2025-10-25 13:37:44,894 - INFO - Fetched prices for BTC/USD, ETH/USD
2025-10-25 13:38:29,991 - INFO - Fetched prices for BTC/USD, ETH/USD
2025-10-25 13:39:15,086 - INFO - Fetched prices for BTC/USD, ETH/USD
2025-10-25 13:40:00,185 - INFO - Fetched prices for BTC/USD, ETH/USD
2025-10-25 13:40:45,280 - INFO - Fetched prices for BTC/USD, ETH/USD
2025-10-25 13:41:30,377 - INFO - Fetched prices for BTC/USD, ETH/USD
2025-10-25 13:42:15,472 - INFO - Fetched prices for BTC/USD, ETH/USD
2025-10-25 13:43:00,568 - INFO - Fetched prices for BTC/USD, ETH/USD
2025-10-25 13:43:45,665 - INFO - Fetched prices for BTC/USD, ETH/USD
2025-10-25 13:44:30,761 - INFO - Fetched prices for BTC/USD, ETH/USD
2025-10-25 13:45:15,866 - INFO - Fetched prices for BTC/USD, ETH/USD
2025-10-25 13:46:00,962 - INFO - Fetched prices for BTC/USD, ETH/USD
2025-10-25 13:46:46,058 - INFO - Fetched prices for BTC/USD, ETH/USD
2025-10-25 13:47:31,156 - INFO - Fetched prices for BTC/USD, ETH/USD
2025-10-25 13:48:16,253 - INFO - Fetched prices for BTC/USD, ETH/USD
2025-10-25 13:59:24,863 - INFO - Fetched prices for BTC/USD, ETH/USD, XRP/USD, SOL/USD
2025-10-25 14:00:09,959 - INFO - Fetched prices for BTC/USD, ETH/USD, XRP/USD, SOL/USD
2025-10-25 14:00:55,055 - INFO - Fetched prices for BTC/USD, ETH/USD, XRP/USD, SOL/USD
2025-10-25 14:01:40,153 - INFO - Fetched prices for BTC/USD, ETH/USD, XRP/USD, SOL/USD
2025-10-25 14:02:25,251 - INFO - Fetched prices for BTC/USD, ETH/USD, XRP/USD, SOL/USD
2025-10-25 14:03:10,345 - INFO - Fetched prices for BTC/USD, ETH/USD, XRP/USD, SOL/USD
2025-10-25 14:03:55,442 - INFO - Fetched prices for BTC/USD, ETH/USD, XRP/USD, SOL/USD
2025-10-25 14:04:40,537 - INFO - Fetched prices for BTC/USD, ETH/USD, XRP/USD, SOL/USD
2025-10-25 14:05:25,631 - INFO - Fetched prices for BTC/USD, ETH/USD, XRP/USD, SOL/USD
2025-10-25 14:06:10,727 - INFO - Fetched prices for BTC/USD, ETH/USD, XRP/USD, SOL/USD
2025-10-25 14:06:55,826 - INFO - Fetched prices for BTC/USD, ETH/USD, XRP/USD, SOL/USD
2025-10-25 14:07:40,919 - INFO - Fetched prices for BTC/USD, ETH/USD, XRP/USD, SOL/USD
2025-10-25 14:08:26,015 - INFO - Fetched prices for BTC/USD, ETH/USD, XRP/USD, SOL/USD
2025-10-25 14:09:11,111 - INFO - Fetched prices for BTC/USD, ETH/USD, XRP/USD, SOL/USD
2025-10-25 14:09:56,208 - INFO - Fetched prices for BTC/USD, ETH/USD, XRP/USD, SOL/USD
2025-10-25 14:10:41,303 - INFO - Fetched prices for BTC/USD, ETH/USD, XRP/USD, SOL/USD
2025-10-25 14:11:26,398 - INFO - Fetched prices for BTC/USD, ETH/USD, XRP/USD, SOL/USD
2025-10-25 14:12:11,492 - INFO - Fetched prices for BTC/USD, ETH/USD, XRP/USD, SOL/USD
2025-10-25 14:12:56,587 - INFO - Fetched prices for BTC/USD, ETH/USD, XRP/USD, SOL/USD
2025-10-25 14:13:41,686 - INFO - Fetched prices for BTC/USD, ETH/USD, XRP/USD, SOL/USD
2025-10-25 14:14:26,782 - INFO - Fetched prices for BTC/USD, ETH/USD, XRP/USD, SOL/USD
2025-10-25 14:15:11,878 - INFO - Fetched prices for BTC/USD, ETH/USD, XRP/USD, SOL/USD
2025-10-25 14:15:56,973 - INFO - Fetched prices for BTC/USD, ETH/USD, XRP/USD, SOL/USD
2025-10-25 14:16:42,068 - INFO - Fetched prices for BTC/USD, ETH/USD, XRP/USD, SOL/USD
2025-10-25 14:16:43,544 - INFO - No buy for ETH/USD: Low volatility (ATR)
2025-10-25 14:17:27,168 - INFO - Fetched prices for BTC/USD, ETH/USD, XRP/USD, SOL/USD
2025-10-25 14:18:12,271 - INFO - Fetched prices for BTC/USD, ETH/USD, XRP/USD, SOL/USD
2025-10-25 14:18:57,368 - INFO - Fetched prices for BTC/USD, ETH/USD, XRP/USD, SOL/USD
2025-10-25 14:19:42,462 - INFO - Fetched prices for BTC/USD, ETH/USD, XRP/USD, SOL/USD
2025-10-25 14:20:27,559 - INFO - Fetched prices for BTC/USD, ETH/USD, XRP/USD, SOL/USD
2025-10-25 14:21:12,652 - INFO - Fetched prices for BTC/USD, ETH/USD, XRP/USD, SOL/USD
2025-10-25 14:21:57,748 - INFO - Fetched prices for BTC/USD, ETH/USD, XRP/USD, SOL/USD
2025-10-25 14:22:42,845 - INFO - Fetched prices for BTC/USD, ETH/USD, XRP/USD, SOL/USD
2025-10-25 14:23:27,954 - INFO - Fetched prices for BTC/USD, ETH/USD, XRP/USD, SOL/USD
2025-10-25 14:24:13,049 - INFO - Fetched prices for BTC/USD, ETH/USD, XRP/USD, SOL/USD
2025-10-25 14:24:58,143 - INFO - Fetched prices for BTC/USD, ETH/USD, XRP/USD, SOL/USD
2025-10-25 14:25:43,238 - INFO - Fetched prices for BTC/USD, ETH/USD, XRP/USD, SOL/USD
2025-10-25 14:26:28,338 - INFO - Fetched prices for BTC/USD, ETH/USD, XRP/USD, SOL/USD
2025-10-25 14:27:13,433 - INFO - Fetched prices for BTC/USD, ETH/USD, XRP/USD, SOL/USD
2025-10-25 14:27:16,195 - INFO - No buy for XRP/USD: Low volatility (ATR)
2025-10-25 14:27:58,527 - INFO - Fetched prices for BTC/USD, ETH/USD, XRP/USD, SOL/USD
2025-10-25 14:28:43,620 - INFO - Fetched prices for BTC/USD, ETH/USD, XRP/USD, SOL/USD
